<?xml version="1.0" encoding="UTF-8"?>
<!-- Generated by org.testng.reporters.JUnitXMLReporter -->
<testsuite ignored="5" hostname="pc-PC" failures="2" tests="2" name="Default test(failed)(failed)" time="19.426" errors="0" timestamp="2023-09-21T14:59:09 IST">
  <testcase classname="testNG_tutorial.Assertion_Example1" name="verifyForgottenpassword" time="0.253">
    <failure type="java.lang.AssertionError" message="expected [Forgotten password] but found [Forgotten password?]">
      <![CDATA[java.lang.AssertionError: expected [Forgotten password] but found [Forgotten password?]
at testNG_tutorial.Assertion_Example1.verifyForgottenpassword(Assertion_Example1.java:52)
at java.base/java.util.ArrayList.forEach(ArrayList.java:1541)
... Removed 33 stack frames]]>
    </failure>
  </testcase> <!-- verifyForgottenpassword -->
  <testcase classname="testNG_tutorial.Assertion_Example1" name="verifyUsernametextboxPlaceholder" time="0.313">
    <failure type="java.lang.AssertionError" message="expected [Email address or phone numbe] but found [Email address or phone number]">
      <![CDATA[java.lang.AssertionError: expected [Email address or phone numbe] but found [Email address or phone number]
at testNG_tutorial.Assertion_Example1.verifyUsernametextboxPlaceholder(Assertion_Example1.java:60)
at java.base/java.util.ArrayList.forEach(ArrayList.java:1541)
... Removed 33 stack frames]]>
    </failure>
  </testcase> <!-- verifyUsernametextboxPlaceholder -->
  <testcase classname="testNG_tutorial.Assertion_Example1" name="verifyTitle" time="0.0">
    <ignored/>
  </testcase> <!-- verifyTitle -->
  <testcase classname="testNG_tutorial.Assertion_Example1" name="verifyLoginbuttonisenable" time="0.0">
    <ignored/>
  </testcase> <!-- verifyLoginbuttonisenable -->
  <testcase classname="testNG_tutorial.Assertion_Example1" name="verifyUrl" time="0.0">
    <ignored/>
  </testcase> <!-- verifyUrl -->
  <testcase classname="testNG_tutorial.Assertion_Example1" name="verifyUsernametextboxWidth" time="0.0">
    <ignored/>
  </testcase> <!-- verifyUsernametextboxWidth -->
  <testcase classname="testNG_tutorial.Assertion_Example1" name="verifyUsernametextboxHeight" time="0.0">
    <ignored/>
  </testcase> <!-- verifyUsernametextboxHeight -->
</testsuite> <!-- Default test(failed)(failed) -->
