<?xml version="1.0" encoding="UTF-8"?>
<!-- Generated by org.testng.reporters.JUnitXMLReporter -->
<testsuite ignored="4" hostname="pc-PC" failures="0" tests="3" name="Default test(failed)(failed)(failed)" time="18.454" errors="0" timestamp="2023-09-21T15:01:25 IST">
  <testcase classname="testNG_tutorial.Assertion_Example1" name="verifyUsernametextboxPlaceholder" time="0.168"/>
  <testcase classname="testNG_tutorial.Assertion_Example1" name="verifyForgottenpassword" time="0.108"/>
  <testcase classname="testNG_tutorial.Assertion_Example1" name="verifyUsernametextboxWidth" time="0.103"/>
  <testcase classname="testNG_tutorial.Assertion_Example1" name="verifyLoginbuttonisenable" time="0.0">
    <ignored/>
  </testcase> <!-- verifyLoginbuttonisenable -->
  <testcase classname="testNG_tutorial.Assertion_Example1" name="verifyTitle" time="0.0">
    <ignored/>
  </testcase> <!-- verifyTitle -->
  <testcase classname="testNG_tutorial.Assertion_Example1" name="verifyUrl" time="0.0">
    <ignored/>
  </testcase> <!-- verifyUrl -->
  <testcase classname="testNG_tutorial.Assertion_Example1" name="verifyUsernametextboxHeight" time="0.0">
    <ignored/>
  </testcase> <!-- verifyUsernametextboxHeight -->
</testsuite> <!-- Default test(failed)(failed)(failed) -->
